[Sat 02/22/2025 15:48:04.12] Folder locked 
[Sat 02/22/2025 15:48:12.26] Incorrect password attempt 
[Sat 02/22/2025 15:48:16.59] Folder unlocked 
[Sun 02/23/2025 11:23:56.50] Folder locked 
[Sun 02/23/2025 11:24:09.19] Folder unlocked 
[Sun 02/23/2025 11:33:11.40] Folder locked 
[Sun 02/23/2025 11:33:18.38] Incorrect password attempt 
[Sun 02/23/2025 11:33:23.14] Incorrect password attempt 
[Sun 02/23/2025 11:33:36.24] Folder unlocked 
[Sun 02/23/2025 11:33:40.53] Folder locked 
[Sun 02/23/2025 11:33:45.04] Folder unlocked 
[Tue 02/25/2025 18:59:14.94] Folder locked 
[Tue 02/25/2025 18:59:26.33] Incorrect password attempt 
[Tue 02/25/2025 19:01:13.74] Incorrect password attempt 
[Tue 02/25/2025 19:03:07.57] Folder unlocked 
[Tue 02/25/2025 19:04:23.35] Folder locked 
[Tue 02/25/2025 19:04:37.20] Incorrect password attempt 
[Tue 02/25/2025 19:04:47.56] Incorrect password attempt 
[Tue 02/25/2025 19:06:44.00] Incorrect password attempt 
[Tue 02/25/2025 19:07:10.52] Incorrect password attempt 
[Tue 02/25/2025 19:07:59.06] Incorrect password attempt 
[Tue 02/25/2025 19:09:18.87] Incorrect password attempt 
[Tue 02/25/2025 19:10:47.52] Folder unlocked 
[Tue 02/25/2025 19:10:51.96] Folder locked 
[Tue 02/25/2025 19:11:01.08] Incorrect password attempt 
[Tue 02/25/2025 19:11:08.02] Incorrect password attempt 
[Tue 02/25/2025 19:11:17.15] Incorrect password attempt 
[Tue 02/25/2025 19:18:51.09] Folder unlocked 
[Tue 02/25/2025 19:18:53.45] Folder locked 
[Tue 02/25/2025 19:19:02.59] Folder unlocked 
[Tue 02/25/2025 19:28:47.66] Folder locked 
[Tue 02/25/2025 19:29:01.09] Folder unlocked 
[Tue 02/25/2025 19:29:03.67] Folder locked 
[Tue 02/25/2025 19:29:20.81] Folder unlocked 
[Tue 02/25/2025 19:39:10.77] Folder locked 
[Tue 02/25/2025 19:39:21.97] Folder unlocked 
